<?xml version="1.0" encoding="UTF-8"?>
<Site BuildName="(empty)"
	BuildStamp="20240325-0839-Experimental"
	Name="tom-Vivobook-ASUSLaptop-M7400QE-M7400QE"
	Generator="ctest-3.22.1"
	CompilerName="/usr/bin/c++"
	CompilerVersion="11.4.0"
	OSName="Linux"
	Hostname="tom-Vivobook-ASUSLaptop-M7400QE-M7400QE"
	OSRelease="5.15.0-1057-realtime"
	OSVersion="#64-Ubuntu SMP PREEMPT_RT Mon Mar 11 15:01:47 UTC 2024"
	OSPlatform="x86_64"
	Is64Bits="1"
	VendorString="AuthenticAMD"
	VendorID="Advanced Micro Devices"
	FamilyID="25"
	ModelID="80"
	ProcessorCacheSize="512"
	NumberOfLogicalCPU="16"
	NumberOfPhysicalCPU="8"
	TotalVirtualMemory="2047"
	TotalPhysicalMemory="31487"
	LogicalProcessorsPerPhysical="2"
	ProcessorClockFrequency="3300"
	>
	<Testing>
		<StartDateTime>Mar 25 09:39 CET</StartDateTime>
		<StartTestTime>1711355961</StartTestTime>
		<TestList/>
		<EndDateTime>Mar 25 09:39 CET</EndDateTime>
		<EndTestTime>1711355961</EndTestTime>
		<ElapsedMinutes>0</ElapsedMinutes>
	</Testing>
</Site>
